#
# There is insufficient memory for the Java Runtime Environment to continue.
# Native memory allocation (mmap) failed to map 266338304 bytes for G1 virtual space
# Possible reasons:
#   The system is out of physical RAM or swap space
#   The process is running with CompressedOops enabled, and the Java Heap may be blocking the growth of the native heap
# Possible solutions:
#   Reduce memory load on the system
#   Increase physical memory or swap space
#   Check if swap backing store is full
#   Decrease Java heap size (-Xmx/-Xms)
#   Decrease number of Java threads
#   Decrease Java thread stack sizes (-Xss)
#   Set larger code cache with -XX:ReservedCodeCacheSize=
#   JVM is running with Zero Based Compressed Oops mode in which the Java heap is
#     placed in the first 32GB address space. The Java Heap base address is the
#     maximum limit for the native heap growth. Please use -XX:HeapBaseMinAddress
#     to set the Java Heap base and to place the Java Heap above 32GB virtual address.
# This output file may be truncated or incomplete.
#
#  Out of Memory Error (os_windows.cpp:3541), pid=25392, tid=3984
#
# JRE version:  (17.0.4.1+1) (build )
# Java VM: OpenJDK 64-Bit Server VM (17.0.4.1+1, mixed mode, sharing, tiered, compressed oops, compressed class ptrs, g1 gc, windows-amd64)
# No core dump will be written. Minidumps are not enabled by default on client versions of Windows
#

---------------  S U M M A R Y ------------

Command Line: -Dfile.encoding=UTF-8 -XX:+ShowCodeDetailsInExceptionMessages Atividade_Final.RedeSocial

Host: Intel(R) Core(TM) i5-9300H CPU @ 2.40GHz, 8 cores, 15G,  Windows 10 , 64 bit Build 19041 (10.0.19041.2251)
Time: Thu Nov 24 11:26:45 2022 Hora oficial do Brasil elapsed time: 0.009004 seconds (0d 0h 0m 0s)

---------------  T H R E A D  ---------------

Current thread (0x0000013cf0d7eb90):  JavaThread "Unknown thread" [_thread_in_vm, id=3984, stack(0x00000039b1b00000,0x00000039b1c00000)]

Stack: [0x00000039b1b00000,0x00000039b1c00000]
Native frames: (J=compiled Java code, j=interpreted, Vv=VM code, C=native code)
V  [jvm.dll+0x67731a]
V  [jvm.dll+0x832284]
V  [jvm.dll+0x833a2e]
V  [jvm.dll+0x834093]
V  [jvm.dll+0x245775]
V  [jvm.dll+0x674209]
V  [jvm.dll+0x668a92]
V  [jvm.dll+0x30471b]
V  [jvm.dll+0x30bc66]
V  [jvm.dll+0x35ba9e]
V  [jvm.dll+0x35bccf]
V  [jvm.dll+0x2db5b8]
V  [jvm.dll+0x2dc524]
V  [jvm.dll+0x803db1]
V  [jvm.dll+0x3698f1]
V  [jvm.dll+0x7e31bc]
V  [jvm.dll+0x3ec25f]
V  [jvm.dll+0x3edde1]
C  [jli.dll+0x5277]
C  [ucrtbase.dll+0x21bb2]
C  [KERNEL32.DLL+0x174b4]
C  [ntdll.dll+0x526a1]


---------------  P R O C E S S  ---------------

Threads class SMR info:
_java_thread_list=0x00007ff8d1b64e98, length=0, elements={
}

Java Threads: ( => current thread )

Other Threads:
  0x0000013cf0dea850 GCTaskThread "GC Thread#0" [stack: 0x00000039b1c00000,0x00000039b1d00000] [id=9532]
  0x0000013cf0dfcb60 ConcurrentGCThread "G1 Main Marker" [stack: 0x00000039b1d00000,0x00000039b1e00000] [id=1708]
  0x0000013cf0dfd410 ConcurrentGCThread "G1 Conc#0" [stack: 0x00000039b1e00000,0x00000039b1f00000] [id=592]

[error occurred during error reporting (printing all threads), id 0xc0000005, EXCEPTION_ACCESS_VIOLATION (0xc0000005) at pc=0x00007ff8d133c047]

VM state: not at safepoint (not fully initialized)

VM Mutex/Monitor currently owned by a thread:  ([mutex/lock_event])
[0x0000013cf0d7a320] Heap_lock - owner thread: 0x0000013cf0d7eb90

Heap address: 0x0000000702800000, size: 4056 MB, Compressed Oops mode: Zero based, Oop shift amount: 3

CDS archive(s) mapped at: [0x0000000000000000-0x0000000000000000-0x0000000000000000), size 0, SharedBaseAddress: 0x0000000800000000, ArchiveRelocationMode: 0.
Narrow klass base: 0x0000000000000000, Narrow klass shift: 0, Narrow klass range: 0x0

GC Precious Log:
<Empty>

Heap:
 garbage-first heap   total 0K, used 0K [0x0000000702800000, 0x0000000800000000)
  region size 2048K, 0 young (0K), 0 survivors (0K)

[error occurred during error reporting (printing heap information), id 0xc0000005, EXCEPTION_ACCESS_VIOLATION (0xc0000005) at pc=0x00007ff8d1720699]

GC Heap History (0 events):
No events

Deoptimization events (0 events):
No events

Classes unloaded (0 events):
No events

Classes redefined (0 events):
No events

Internal exceptions (0 events):
No events

VM Operations (0 events):
No events

Events (1 events):
Event: 0.005 Loaded shared library C:\Users\teteu\.p2\pool\plugins\org.eclipse.justj.openjdk.hotspot.jre.full.win32.x86_64_17.0.4.v20221004-1257\jre\bin\java.dll


Dynamic libraries:
0x00007ff6db110000 - 0x00007ff6db11e000 	C:\Users\teteu\.p2\pool\plugins\org.eclipse.justj.openjdk.hotspot.jre.full.win32.x86_64_17.0.4.v20221004-1257\jre\bin\javaw.exe
0x00007ff971cd0000 - 0x00007ff971ec8000 	C:\Windows\SYSTEM32\ntdll.dll
0x00007ff9712c0000 - 0x00007ff97137f000 	C:\Windows\System32\KERNEL32.DLL
0x00007ff96fa40000 - 0x00007ff96fd12000 	C:\Windows\System32\KERNELBASE.dll
0x00007ff96f4e0000 - 0x00007ff96f5e0000 	C:\Windows\System32\ucrtbase.dll
0x00007ff96a5b0000 - 0x00007ff96a5c8000 	C:\Users\teteu\.p2\pool\plugins\org.eclipse.justj.openjdk.hotspot.jre.full.win32.x86_64_17.0.4.v20221004-1257\jre\bin\jli.dll
0x00007ff96a590000 - 0x00007ff96a5a9000 	C:\Users\teteu\.p2\pool\plugins\org.eclipse.justj.openjdk.hotspot.jre.full.win32.x86_64_17.0.4.v20221004-1257\jre\bin\VCRUNTIME140.dll
0x00007ff970d30000 - 0x00007ff970ecd000 	C:\Windows\System32\USER32.dll
0x00007ff95dc50000 - 0x00007ff95deea000 	C:\Windows\WinSxS\amd64_microsoft.windows.common-controls_6595b64144ccf1df_6.0.19041.1110_none_60b5254171f9507e\COMCTL32.dll
0x00007ff96f420000 - 0x00007ff96f442000 	C:\Windows\System32\win32u.dll
0x00007ff970360000 - 0x00007ff9703fe000 	C:\Windows\System32\msvcrt.dll
0x00007ff970890000 - 0x00007ff9708bb000 	C:\Windows\System32\GDI32.dll
0x00007ff96f6b0000 - 0x00007ff96f7bf000 	C:\Windows\System32\gdi32full.dll
0x00007ff96f610000 - 0x00007ff96f6ad000 	C:\Windows\System32\msvcp_win.dll
0x00007ff9705b0000 - 0x00007ff9705e2000 	C:\Windows\System32\IMM32.DLL
0x00007ff96c4e0000 - 0x00007ff96c4ec000 	C:\Users\teteu\.p2\pool\plugins\org.eclipse.justj.openjdk.hotspot.jre.full.win32.x86_64_17.0.4.v20221004-1257\jre\bin\vcruntime140_1.dll
0x00007ff93fe10000 - 0x00007ff93fea1000 	C:\Users\teteu\.p2\pool\plugins\org.eclipse.justj.openjdk.hotspot.jre.full.win32.x86_64_17.0.4.v20221004-1257\jre\bin\msvcp140.dll
0x00007ff8d1050000 - 0x00007ff8d1c96000 	C:\Users\teteu\.p2\pool\plugins\org.eclipse.justj.openjdk.hotspot.jre.full.win32.x86_64_17.0.4.v20221004-1257\jre\bin\server\jvm.dll
0x00007ff970b10000 - 0x00007ff970bbe000 	C:\Windows\System32\ADVAPI32.dll
0x00007ff9707f0000 - 0x00007ff97088c000 	C:\Windows\System32\sechost.dll
0x00007ff9705f0000 - 0x00007ff970715000 	C:\Windows\System32\RPCRT4.dll
0x00007ff971530000 - 0x00007ff971538000 	C:\Windows\System32\PSAPI.DLL
0x00007ff96bca0000 - 0x00007ff96bca9000 	C:\Windows\SYSTEM32\WSOCK32.dll
0x00007ff960d90000 - 0x00007ff960db7000 	C:\Windows\SYSTEM32\WINMM.dll
0x00007ff970aa0000 - 0x00007ff970b0b000 	C:\Windows\System32\WS2_32.dll
0x00007ff96ccf0000 - 0x00007ff96ccfa000 	C:\Windows\SYSTEM32\VERSION.dll
0x00007ff96dc70000 - 0x00007ff96dc82000 	C:\Windows\SYSTEM32\kernel.appcore.dll
0x00007ff950c90000 - 0x00007ff950c9a000 	C:\Users\teteu\.p2\pool\plugins\org.eclipse.justj.openjdk.hotspot.jre.full.win32.x86_64_17.0.4.v20221004-1257\jre\bin\jimage.dll
0x00007ff9672b0000 - 0x00007ff967494000 	C:\Windows\SYSTEM32\DBGHELP.DLL
0x00007ff967110000 - 0x00007ff96713c000 	C:\Windows\SYSTEM32\dbgcore.DLL
0x00007ff96f450000 - 0x00007ff96f4d2000 	C:\Windows\System32\bcryptPrimitives.dll
0x00007ff9468e0000 - 0x00007ff946905000 	C:\Users\teteu\.p2\pool\plugins\org.eclipse.justj.openjdk.hotspot.jre.full.win32.x86_64_17.0.4.v20221004-1257\jre\bin\java.dll

dbghelp: loaded successfully - version: 4.0.5 - missing functions: none
symbol engine: initialized successfully - sym options: 0x614 - pdb path: .;C:\Users\teteu\.p2\pool\plugins\org.eclipse.justj.openjdk.hotspot.jre.full.win32.x86_64_17.0.4.v20221004-1257\jre\bin;C:\Windows\SYSTEM32;C:\Windows\WinSxS\amd64_microsoft.windows.common-controls_6595b64144ccf1df_6.0.19041.1110_none_60b5254171f9507e;C:\Users\teteu\.p2\pool\plugins\org.eclipse.justj.openjdk.hotspot.jre.full.win32.x86_64_17.0.4.v20221004-1257\jre\bin\server

VM Arguments:
jvm_args: -Dfile.encoding=UTF-8 -XX:+ShowCodeDetailsInExceptionMessages 
java_command: Atividade_Final.RedeSocial
java_class_path (initial): E:\Program Files\Eclipse\eclipse\workspace\DevMarkers_Modulo_1\bin
Launcher Type: SUN_STANDARD

[Global flags]
     intx CICompilerCount                          = 4                                         {product} {ergonomic}
     uint ConcGCThreads                            = 2                                         {product} {ergonomic}
     uint G1ConcRefinementThreads                  = 8                                         {product} {ergonomic}
   size_t G1HeapRegionSize                         = 2097152                                   {product} {ergonomic}
    uintx GCDrainStackTargetSize                   = 64                                        {product} {ergonomic}
   size_t InitialHeapSize                          = 266338304                                 {product} {ergonomic}
   size_t MarkStackSize                            = 4194304                                   {product} {ergonomic}
   size_t MaxHeapSize                              = 4253024256                                {product} {ergonomic}
   size_t MinHeapDeltaBytes                        = 2097152                                   {product} {ergonomic}
   size_t MinHeapSize                              = 8388608                                   {product} {ergonomic}
    uintx NonNMethodCodeHeapSize                   = 5839372                                {pd product} {ergonomic}
    uintx NonProfiledCodeHeapSize                  = 122909434                              {pd product} {ergonomic}
    uintx ProfiledCodeHeapSize                     = 122909434                              {pd product} {ergonomic}
    uintx ReservedCodeCacheSize                    = 251658240                              {pd product} {ergonomic}
     bool SegmentedCodeCache                       = true                                      {product} {ergonomic}
     bool ShowCodeDetailsInExceptionMessages       = true                                   {manageable} {command line}
   size_t SoftMaxHeapSize                          = 4253024256                             {manageable} {ergonomic}
     bool UseCompressedClassPointers               = true                           {product lp64_product} {ergonomic}
     bool UseCompressedOops                        = true                           {product lp64_product} {ergonomic}
     bool UseG1GC                                  = true                                      {product} {ergonomic}
     bool UseLargePagesIndividualAllocation        = false                                  {pd product} {ergonomic}

Logging:
Log output configuration:
 #0: stdout all=warning uptime,level,tags
 #1: stderr all=off uptime,level,tags

Environment Variables:
PATH=C:/Users/teteu/.p2/pool/plugins/org.eclipse.justj.openjdk.hotspot.jre.full.win32.x86_64_17.0.4.v20221004-1257/jre/bin/server;C:/Users/teteu/.p2/pool/plugins/org.eclipse.justj.openjdk.hotspot.jre.full.win32.x86_64_17.0.4.v20221004-1257/jre/bin;C:\Program Files\Common Files\Oracle\Java\javapath;C:\Windows\system32;C:\Windows;C:\Windows\System32\Wbem;C:\Windows\System32\WindowsPowerShell\v1.0\;C:\Windows\System32\OpenSSH\;C:\Program Files\NVIDIA Corporation\NVIDIA NvDLISR;C:\Program Files (x86)\NVIDIA Corporation\PhysX\Common;E:\Program Files (x86)\Microsoft SQL Server\150\Tools\Binn\;E:\Program Files\Microsoft SQL Server\150\Tools\Binn\;E:\Program Files (x86)\Microsoft SQL Server\150\DTS\Binn\;E:\Program Files\Microsoft SQL Server\150\DTS\Binn\;E:\Program Files\Microsoft SQL Server\Client SDK\ODBC\170\Tools\Binn\;C:\Program Files\dotnet\;E:\Program Files\Microsoft SQL Server\130\Tools\Binn\;C:\Program Files\Azure Data Studio\bin;E:\Program Files (x86)\Microsoft SQL Server\110\DTS\Binn\;E:\Program Files (x86)\Microsoft SQL Server\120\DTS\Binn\;E:\Program Files (x86)\Microsoft SQL Server\130\DTS\Binn\;E:\Program Files (x86)\Microsoft SQL Server\140\DTS\Binn\;E:\Program Files (x86)\Microsoft SQL Server\160\DTS\Binn\;C:\ProgramData\chocolatey\bin;C:\Program Files\Git\cmd;E:\Program Files (x86)\Microsoft SQL Server\130\Tools\Binn\;E:\Program Files\Microsoft SQL Server\130\DTS\Binn\;E:\Program Files\Microsoft SQL Server\Client SDK\ODBC\130\Tools\Binn\;E:\Program Files (x86)\Microsoft SQL Server\Client SDK\ODBC\130\Tools\Binn\;E:\Program Files (x86)\Microsoft SQL Server\130\Tools\Binn\ManagementStudio\;E:\anaconda3;E:\anaconda3\Library\mingw-w64\bin;E:\anaconda3\Library\usr\bin;E:\anaconda3\Library\bin;E:\anaconda3\Scripts;C:\Users\teteu\AppData\Local\Microsoft\WindowsApps;E:\Microsoft VS Code\bin;C:\Users\teteu\.dotnet\tools;C:\Program Files\Azure Data Studio\bin;E:\Program Files\JetBrains\PyCharm Community Edition 2022.2.1\bin;;C:\Users\teteu\AppData\Local\nvs\default;C:
USERNAME=teteu
OS=Windows_NT
PROCESSOR_IDENTIFIER=Intel64 Family 6 Model 158 Stepping 10, GenuineIntel
TMP=C:\Users\teteu\AppData\Local\Temp
TEMP=C:\Users\teteu\AppData\Local\Temp



---------------  S Y S T E M  ---------------

OS:
 Windows 10 , 64 bit Build 19041 (10.0.19041.2251)
OS uptime: 14 days 12:27 hours

CPU: total 8 (initial active 8) (4 cores per cpu, 2 threads per core) family 6 model 158 stepping 10 microcode 0xcc, cx8, cmov, fxsr, ht, mmx, 3dnowpref, sse, sse2, sse3, ssse3, sse4.1, sse4.2, popcnt, lzcnt, tsc, tscinvbit, avx, avx2, aes, erms, clmul, bmi1, bmi2, adx, fma, vzeroupper, clflush, clflushopt

Memory: 4k page, system-wide physical 16221M (4996M free)
TotalPageFile size 30479M (AvailPageFile size 203M)
current process WorkingSet (physical memory assigned to process): 10M, peak: 10M
current process commit charge ("private bytes"): 60M, peak: 314M

vm_info: OpenJDK 64-Bit Server VM (17.0.4.1+1) for windows-amd64 JRE (17.0.4.1+1), built on Aug 17 2022 07:42:43 by "temurin" with MS VC++ 16.7 (VS2019)

END.
